<?xml version="1.0" encoding="UTF-8"?>
<!-- Generated by org.testng.reporters.JUnitXMLReporter -->
<testsuite ignored="0" hostname="LAPTOP-4E2TLNT3" failures="1" tests="8" name="MyTest" time="82.084" errors="0" timestamp="2026-01-20T19:11:58 IST">
  <testcase classname="testCases.TC_LF_001_005_LoginTestCasesDDT" name="VerifyLoginDDT" time="12.088">
    <failure type="java.lang.AssertionError" message="expected [true] but found [false]">
      <![CDATA[java.lang.AssertionError: expected [true] but found [false]
at testCases.TC_LF_001_005_LoginTestCasesDDT.VerifyLoginDDT(TC_LF_001_005_LoginTestCasesDDT.java:48)
at java.base/java.util.ArrayList.forEach(ArrayList.java:1511)
... Removed 31 stack frames]]>
    </failure>
  </testcase> <!-- VerifyLoginDDT -->
  <testcase classname="testCases.TC_LF_001_005_LoginTestCasesDDT" name="VerifyLoginDDT" time="3.031"/>
  <testcase classname="testCases.TC_LF_001_005_LoginTestCasesDDT" name="VerifyLoginDDT" time="2.244"/>
  <testcase classname="testCases.TC_LF_001_005_LoginTestCasesDDT" name="VerifyLoginDDT" time="11.715"/>
  <testcase classname="testCases.TC_LF_001_005_LoginTestCasesDDT" name="VerifyLoginDDT" time="2.27"/>
  <testcase classname="testCases.TC_LF_001_005_LoginTestCasesDDT" name="VerifyLoginDDT" time="11.666"/>
  <testcase classname="testCases.TC_LF_001_005_LoginTestCasesDDT" name="VerifyLoginDDT" time="11.628"/>
  <testcase classname="testCases.TC_LF_001_005_LoginTestCasesDDT" name="VerifyLoginDDT" time="12.145"/>
</testsuite> <!-- MyTest -->
