<?xml version="1.0" encoding="UTF-8"?>
<testng-results ignored="0" total="2" passed="2" failed="0" skipped="0">
  <reporter-output>
  </reporter-output>
  <suite started-at="2026-01-28T19:01:47 IST" name="Suite" finished-at="2026-01-28T19:02:13 IST" duration-ms="26410">
    <groups>
      <group name="Master">
        <method signature="TC001_AccountRegisterationTest.verify_account_registeration()[pri:0, instance:testCases.TC001_AccountRegisterationTest@2421cc4]" name="verify_account_registeration" class="testCases.TC001_AccountRegisterationTest"/>
        <method signature="TC002_LoginTestcase1.Verify_Login()[pri:0, instance:testCases.TC002_LoginTestcase1@172b013]" name="Verify_Login" class="testCases.TC002_LoginTestcase1"/>
      </group> <!-- Master -->
      <group name="Sanity">
        <method signature="TC001_AccountRegisterationTest.verify_account_registeration()[pri:0, instance:testCases.TC001_AccountRegisterationTest@2421cc4]" name="verify_account_registeration" class="testCases.TC001_AccountRegisterationTest"/>
        <method signature="TC002_LoginTestcase1.Verify_Login()[pri:0, instance:testCases.TC002_LoginTestcase1@172b013]" name="Verify_Login" class="testCases.TC002_LoginTestcase1"/>
      </group> <!-- Sanity -->
      <group name="Regression">
        <method signature="TC001_AccountRegisterationTest.verify_account_registeration()[pri:0, instance:testCases.TC001_AccountRegisterationTest@2421cc4]" name="verify_account_registeration" class="testCases.TC001_AccountRegisterationTest"/>
      </group> <!-- Regression -->
    </groups>
    <test started-at="2026-01-28T19:01:47 IST" name="MyTest" finished-at="2026-01-28T19:02:13 IST" duration-ms="26410">
      <class name="testCases.TC002_LoginTestcase1">
        <test-method is-config="true" signature="setUp(java.lang.String,java.lang.String)[pri:0, instance:testCases.TC002_LoginTestcase1@172b013]" started-at="2026-01-28T19:02:02 IST" name="setUp" finished-at="2026-01-28T19:02:06 IST" duration-ms="4835" status="PASS">
          <params>
            <param index="0">
              <value>
                <![CDATA[Windows]]>
              </value>
            </param>
            <param index="1">
              <value>
                <![CDATA[chrome]]>
              </value>
            </param>
          </params>
          <reporter-output>
          </reporter-output>
        </test-method> <!-- setUp -->
        <test-method signature="Verify_Login()[pri:0, instance:testCases.TC002_LoginTestcase1@172b013]" started-at="2026-01-28T19:02:06 IST" name="Verify_Login" finished-at="2026-01-28T19:02:13 IST" duration-ms="6287" status="PASS">
          <reporter-output>
          </reporter-output>
        </test-method> <!-- Verify_Login -->
        <test-method is-config="true" signature="tearDown()[pri:0, instance:testCases.TC002_LoginTestcase1@172b013]" started-at="2026-01-28T19:02:13 IST" name="tearDown" finished-at="2026-01-28T19:02:13 IST" duration-ms="312" status="PASS">
          <reporter-output>
          </reporter-output>
        </test-method> <!-- tearDown -->
      </class> <!-- testCases.TC002_LoginTestcase1 -->
      <class name="testCases.TC001_AccountRegisterationTest">
        <test-method is-config="true" signature="setUp(java.lang.String,java.lang.String)[pri:0, instance:testCases.TC001_AccountRegisterationTest@2421cc4]" started-at="2026-01-28T19:01:47 IST" name="setUp" finished-at="2026-01-28T19:01:54 IST" duration-ms="6387" status="PASS">
          <params>
            <param index="0">
              <value>
                <![CDATA[Windows]]>
              </value>
            </param>
            <param index="1">
              <value>
                <![CDATA[chrome]]>
              </value>
            </param>
          </params>
          <reporter-output>
          </reporter-output>
        </test-method> <!-- setUp -->
        <test-method signature="verify_account_registeration()[pri:0, instance:testCases.TC001_AccountRegisterationTest@2421cc4]" started-at="2026-01-28T19:01:54 IST" name="verify_account_registeration" finished-at="2026-01-28T19:02:01 IST" duration-ms="7762" status="PASS">
          <reporter-output>
          </reporter-output>
        </test-method> <!-- verify_account_registeration -->
        <test-method is-config="true" signature="tearDown()[pri:0, instance:testCases.TC001_AccountRegisterationTest@2421cc4]" started-at="2026-01-28T19:02:01 IST" name="tearDown" finished-at="2026-01-28T19:02:02 IST" duration-ms="341" status="PASS">
          <reporter-output>
          </reporter-output>
        </test-method> <!-- tearDown -->
      </class> <!-- testCases.TC001_AccountRegisterationTest -->
    </test> <!-- MyTest -->
  </suite> <!-- Suite -->
</testng-results>
