<?xml version="1.0" encoding="UTF-8"?>
<testng-results ignored="0" total="1" passed="1" failed="0" skipped="0">
  <reporter-output>
  </reporter-output>
  <suite started-at="2026-02-12T22:30:52 IST" name="Suite" finished-at="2026-02-12T22:31:16 IST" duration-ms="23563">
    <groups>
    </groups>
    <test started-at="2026-02-12T22:30:52 IST" name="MyTest" finished-at="2026-02-12T22:31:16 IST" duration-ms="23563">
      <class name="testCases.TC_LF_010_VerifyUserLoggingoutOnBack">
        <test-method is-config="true" signature="setUp(java.lang.String,java.lang.String)[pri:0, instance:testCases.TC_LF_010_VerifyUserLoggingoutOnBack@1f010bf0]" started-at="2026-02-12T22:30:53 IST" name="setUp" finished-at="2026-02-12T22:31:05 IST" duration-ms="11803" status="PASS">
          <params>
            <param index="0">
              <value>
                <![CDATA[Windows]]>
              </value>
            </param>
            <param index="1">
              <value>
                <![CDATA[chrome]]>
              </value>
            </param>
          </params>
          <reporter-output>
          </reporter-output>
        </test-method> <!-- setUp -->
        <test-method signature="VerifyUserLoggingoutOnBack()[pri:0, instance:testCases.TC_LF_010_VerifyUserLoggingoutOnBack@1f010bf0]" started-at="2026-02-12T22:31:05 IST" name="VerifyUserLoggingoutOnBack" finished-at="2026-02-12T22:31:16 IST" duration-ms="10823" status="PASS">
          <reporter-output>
          </reporter-output>
        </test-method> <!-- VerifyUserLoggingoutOnBack -->
        <test-method is-config="true" signature="tearDown()[pri:0, instance:testCases.TC_LF_010_VerifyUserLoggingoutOnBack@1f010bf0]" started-at="2026-02-12T22:31:16 IST" name="tearDown" finished-at="2026-02-12T22:31:16 IST" duration-ms="466" status="PASS">
          <reporter-output>
          </reporter-output>
        </test-method> <!-- tearDown -->
      </class> <!-- testCases.TC_LF_010_VerifyUserLoggingoutOnBack -->
    </test> <!-- MyTest -->
  </suite> <!-- Suite -->
</testng-results>
