<?xml version="1.0" encoding="UTF-8"?>
<testng-results ignored="0" total="1" passed="1" failed="0" skipped="0">
  <reporter-output>
  </reporter-output>
  <suite started-at="2026-01-28T20:18:34 IST" name="Suite" finished-at="2026-01-28T20:18:43 IST" duration-ms="8938">
    <groups>
      <group name="Master">
        <method signature="TC_LF_006.Forgotten_Password_link()[pri:0, instance:testCases.TC_LF_006@19b93fa8]" name="Forgotten_Password_link" class="testCases.TC_LF_006"/>
      </group> <!-- Master -->
      <group name="Sanity">
        <method signature="TC_LF_006.Forgotten_Password_link()[pri:0, instance:testCases.TC_LF_006@19b93fa8]" name="Forgotten_Password_link" class="testCases.TC_LF_006"/>
      </group> <!-- Sanity -->
      <group name="Regression">
        <method signature="TC_LF_006.Forgotten_Password_link()[pri:0, instance:testCases.TC_LF_006@19b93fa8]" name="Forgotten_Password_link" class="testCases.TC_LF_006"/>
      </group> <!-- Regression -->
    </groups>
    <test started-at="2026-01-28T20:18:34 IST" name="MyTest" finished-at="2026-01-28T20:18:43 IST" duration-ms="8938">
      <class name="testCases.TC_LF_006">
        <test-method is-config="true" signature="setUp(java.lang.String,java.lang.String)[pri:0, instance:testCases.TC_LF_006@19b93fa8]" started-at="2026-01-28T20:18:34 IST" name="setUp" finished-at="2026-01-28T20:18:41 IST" duration-ms="6785" status="PASS">
          <params>
            <param index="0">
              <value>
                <![CDATA[Windows]]>
              </value>
            </param>
            <param index="1">
              <value>
                <![CDATA[chrome]]>
              </value>
            </param>
          </params>
          <reporter-output>
          </reporter-output>
        </test-method> <!-- setUp -->
        <test-method signature="Forgotten_Password_link()[pri:0, instance:testCases.TC_LF_006@19b93fa8]" started-at="2026-01-28T20:18:41 IST" name="Forgotten_Password_link" finished-at="2026-01-28T20:18:42 IST" duration-ms="1153" status="PASS">
          <reporter-output>
          </reporter-output>
        </test-method> <!-- Forgotten_Password_link -->
        <test-method is-config="true" signature="tearDown()[pri:0, instance:testCases.TC_LF_006@19b93fa8]" started-at="2026-01-28T20:18:42 IST" name="tearDown" finished-at="2026-01-28T20:18:43 IST" duration-ms="558" status="PASS">
          <reporter-output>
          </reporter-output>
        </test-method> <!-- tearDown -->
      </class> <!-- testCases.TC_LF_006 -->
    </test> <!-- MyTest -->
  </suite> <!-- Suite -->
</testng-results>
